<?xml version="1.0" encoding="UTF-8"?>
<!-- Generated by org.testng.reporters.JUnitXMLReporter -->
<testsuite ignored="2" hostname="DESKTOP-NJTIT62" failures="0" tests="2" name="groupingtest" time="15.654" errors="0" timestamp="2022-09-15T20:33:27 IST">
  <testcase classname="com.CRM_POMProject.Scripts.LoginTest" name="verifysigninInvalidEmailInvalidPassword" time="1.393"/>
  <testcase classname="com.CRM_POMProject.Scripts.LoginTest" name="verifysigninValidEmailValidPassword" time="3.73"/>
  <testcase classname="com.CRM_POMProject.Scripts.LoginTest" name="verifysigninValidEmailInvalidPassword" time="0.0">
    <ignored/>
  </testcase> <!-- verifysigninValidEmailInvalidPassword -->
  <testcase classname="com.CRM_POMProject.Scripts.LoginTest" name="verifysigninInvalidEmailValidPassword" time="0.0">
    <ignored/>
  </testcase> <!-- verifysigninInvalidEmailValidPassword -->
</testsuite> <!-- groupingtest -->
