<?xml version="1.0" encoding="UTF-8"?>
<!-- Generated by org.testng.reporters.JUnitXMLReporter -->
<testsuite hostname="DESKTOP-NJTIT62" ignored="2" name="Test" tests="3" failures="0" timestamp="2022-09-19T14:14:56 IST" time="17.217" errors="0">
  <testcase name="verifysigninInvalidEmailInvalidPassword" time="1.436" classname="com.CRM_POMProject.Scripts.RegressionTest"/>
  <testcase name="verifysigninValidEmailValidPassword" time="3.694" classname="com.CRM_POMProject.Scripts.RegressionTest"/>
  <testcase name="addClient" time="2.832" classname="com.CRM_POMProject.Scripts.SanityTest"/>
  <testcase name="@AfterTest afterTest" time="0.0" classname="com.CRM_POMProject.Scripts.BaseTest">
    <ignored/>
  </testcase> <!-- @AfterTest afterTest -->
  <testcase name="@BeforeTest beforeTest" time="0.0" classname="com.CRM_POMProject.Scripts.BaseTest">
    <ignored/>
  </testcase> <!-- @BeforeTest beforeTest -->
</testsuite> <!-- Test -->
